running egg_info
creating ../../build/localization_system/localization_system.egg-info
writing ../../build/localization_system/localization_system.egg-info/PKG-INFO
writing dependency_links to ../../build/localization_system/localization_system.egg-info/dependency_links.txt
writing entry points to ../../build/localization_system/localization_system.egg-info/entry_points.txt
writing requirements to ../../build/localization_system/localization_system.egg-info/requires.txt
writing top-level names to ../../build/localization_system/localization_system.egg-info/top_level.txt
writing manifest file '../../build/localization_system/localization_system.egg-info/SOURCES.txt'
reading manifest file '../../build/localization_system/localization_system.egg-info/SOURCES.txt'
writing manifest file '../../build/localization_system/localization_system.egg-info/SOURCES.txt'
running build
running install
running install_data
creating /home/tractor/ros2_ws/install/localization_system/share/ament_index
creating /home/tractor/ros2_ws/install/localization_system/share/ament_index/resource_index
creating /home/tractor/ros2_ws/install/localization_system/share/ament_index/resource_index/packages
copying resource/localization_system -> /home/tractor/ros2_ws/install/localization_system/share/ament_index/resource_index/packages
copying package.xml -> /home/tractor/ros2_ws/install/localization_system/share/localization_system
creating /home/tractor/ros2_ws/install/localization_system/share/localization_system/launch
copying launch/localization.launch.py -> /home/tractor/ros2_ws/install/localization_system/share/localization_system/launch
creating /home/tractor/ros2_ws/install/localization_system/share/localization_system/config
copying config/ekf.yaml -> /home/tractor/ros2_ws/install/localization_system/share/localization_system/config
running install_egg_info
Copying ../../build/localization_system/localization_system.egg-info to /home/tractor/ros2_ws/install/localization_system/lib/python3.12/site-packages/localization_system-0.0.0-py3.12.egg-info
running install_scripts
Installing gps_driver script to /home/tractor/ros2_ws/install/localization_system/bin
Installing imu_driver script to /home/tractor/ros2_ws/install/localization_system/bin
writing list of installed files to '/home/tractor/ros2_ws/build/localization_system/install.log'
