-- Found ament_cmake: 2.7.5 (/opt/ros/kilted/share/ament_cmake/cmake)
-- Found rclcpp: 29.5.7 (/opt/ros/kilted/share/rclcpp/cmake)
-- Found rosidl_generator_c: 4.9.6 (/opt/ros/kilted/share/rosidl_generator_c/cmake)
-- Found rosidl_generator_cpp: 4.9.6 (/opt/ros/kilted/share/rosidl_generator_cpp/cmake)
-- Using all available rosidl_typesupport_c: rosidl_typesupport_fastrtps_c;rosidl_typesupport_introspection_c
-- Using all available rosidl_typesupport_cpp: rosidl_typesupport_fastrtps_cpp;rosidl_typesupport_introspection_cpp
-- Found rmw_implementation_cmake: 7.8.2 (/opt/ros/kilted/share/rmw_implementation_cmake/cmake)
-- Found rmw_fastrtps_cpp: 9.3.3 (/opt/ros/kilted/share/rmw_fastrtps_cpp/cmake)
-- Using RMW implementation 'rmw_fastrtps_cpp' as default
-- Found sensor_msgs: 5.5.2 (/opt/ros/kilted/share/sensor_msgs/cmake)
-- Found nav_msgs: 5.5.2 (/opt/ros/kilted/share/nav_msgs/cmake)
-- Found robot_localization: 3.9.4 (/opt/ros/kilted/share/robot_localization/cmake)
-- Found eigen3_cmake_module: 0.4.0 (/opt/ros/kilted/share/eigen3_cmake_module/cmake)
-- Ensuring Eigen3 include directory is part of orocos-kdl CMake target
-- Configuring done (1.8s)
-- Generating done (0.1s)
-- Build files have been written to: /home/tractor/ros2_ws/build/localization_system
[ 25%] [32mBuilding CXX object CMakeFiles/imu_driver.dir/src/imu_driver.cpp.o[0m
[ 50%] [32mBuilding CXX object CMakeFiles/gps_driver.dir/src/gps_driver.cpp.o[0m
[ 75%] [32m[1mLinking CXX executable gps_driver[0m
[100%] [32m[1mLinking CXX executable imu_driver[0m
