[100%] Built target gps_driver
[100%] Built target imu_driver
-- Install configuration: ""
-- Up-to-date: /home/tractor/ros2_ws/install/localization_system/lib/localization_system/imu_driver
-- Up-to-date: /home/tractor/ros2_ws/install/localization_system/lib/localization_system/gps_driver
-- Up-to-date: /home/tractor/ros2_ws/install/localization_system/share/localization_system/launch
-- Up-to-date: /home/tractor/ros2_ws/install/localization_system/share/localization_system/launch/localization.launch.py
-- Up-to-date: /home/tractor/ros2_ws/install/localization_system/share/localization_system/config
-- Up-to-date: /home/tractor/ros2_ws/install/localization_system/share/localization_system/config/ekf.yaml
-- Up-to-date: /home/tractor/ros2_ws/install/localization_system/share/ament_index/resource_index/package_run_dependencies/localization_system
-- Up-to-date: /home/tractor/ros2_ws/install/localization_system/share/ament_index/resource_index/parent_prefix_path/localization_system
-- Up-to-date: /home/tractor/ros2_ws/install/localization_system/share/localization_system/environment/ament_prefix_path.sh
-- Up-to-date: /home/tractor/ros2_ws/install/localization_system/share/localization_system/environment/ament_prefix_path.dsv
-- Up-to-date: /home/tractor/ros2_ws/install/localization_system/share/localization_system/environment/path.sh
-- Up-to-date: /home/tractor/ros2_ws/install/localization_system/share/localization_system/environment/path.dsv
-- Up-to-date: /home/tractor/ros2_ws/install/localization_system/share/localization_system/local_setup.bash
-- Up-to-date: /home/tractor/ros2_ws/install/localization_system/share/localization_system/local_setup.sh
-- Up-to-date: /home/tractor/ros2_ws/install/localization_system/share/localization_system/local_setup.zsh
-- Up-to-date: /home/tractor/ros2_ws/install/localization_system/share/localization_system/local_setup.dsv
-- Installing: /home/tractor/ros2_ws/install/localization_system/share/localization_system/package.dsv
-- Up-to-date: /home/tractor/ros2_ws/install/localization_system/share/ament_index/resource_index/packages/localization_system
-- Up-to-date: /home/tractor/ros2_ws/install/localization_system/share/localization_system/cmake/localization_systemConfig.cmake
-- Up-to-date: /home/tractor/ros2_ws/install/localization_system/share/localization_system/cmake/localization_systemConfig-version.cmake
-- Up-to-date: /home/tractor/ros2_ws/install/localization_system/share/localization_system/package.xml
