[0.163s] DEBUG:colcon:Command line arguments: ['/usr/bin/colcon', 'build', '--packages-select', 'localization_system']
[0.163s] DEBUG:colcon:Parsed command line arguments: Namespace(log_base=None, log_level=None, verb_name='build', build_base='build', install_base='install', merge_install=False, symlink_install=False, test_result_base=None, continue_on_error=False, executor='parallel', parallel_workers=4, event_handlers=None, ignore_user_meta=False, metas=['./colcon.meta'], base_paths=['.'], packages_ignore=None, packages_ignore_regex=None, paths=None, packages_up_to=None, packages_up_to_regex=None, packages_above=None, packages_above_and_dependencies=None, packages_above_depth=None, packages_select_by_dep=None, packages_skip_by_dep=None, packages_skip_up_to=None, packages_select_build_failed=False, packages_skip_build_finished=False, packages_select_test_failures=False, packages_skip_test_passed=False, packages_select=['localization_system'], packages_skip=None, packages_select_regex=None, packages_skip_regex=None, packages_start=None, packages_end=None, allow_overriding=[], cmake_args=None, cmake_target=None, cmake_target_skip_unavailable=False, cmake_clean_cache=False, cmake_clean_first=False, cmake_force_configure=False, ament_cmake_args=None, catkin_cmake_args=None, catkin_skip_building_tests=False, mixin_files=None, mixin=None, verb_parser=<colcon_mixin.mixin.mixin_argument.MixinArgumentDecorator object at 0xffff96a577a0>, verb_extension=<colcon_core.verb.build.BuildVerb object at 0xffff96c0fd40>, main=<bound method BuildVerb.main of <colcon_core.verb.build.BuildVerb object at 0xffff96c0fd40>>, mixin_verb=('build',))
[0.219s] Level 1:colcon.colcon_core.package_discovery:discover_packages(colcon_meta) check parameters
[0.219s] Level 1:colcon.colcon_core.package_discovery:discover_packages(recursive) check parameters
[0.219s] Level 1:colcon.colcon_core.package_discovery:discover_packages(ignore) check parameters
[0.219s] Level 1:colcon.colcon_core.package_discovery:discover_packages(path) check parameters
[0.219s] Level 1:colcon.colcon_core.package_discovery:discover_packages(colcon_meta) discover
[0.220s] Level 1:colcon.colcon_core.package_discovery:discover_packages(recursive) discover
[0.220s] INFO:colcon.colcon_core.package_discovery:Crawling recursively for packages in '/home/tractor/ros2_ws'
[0.220s] Level 1:colcon.colcon_core.package_identification:_identify(.) by extensions ['ignore', 'ignore_ament_install']
[0.220s] Level 1:colcon.colcon_core.package_identification:_identify(.) by extension 'ignore'
[0.220s] Level 1:colcon.colcon_core.package_identification:_identify(.) by extension 'ignore_ament_install'
[0.220s] Level 1:colcon.colcon_core.package_identification:_identify(.) by extensions ['colcon_pkg']
[0.220s] Level 1:colcon.colcon_core.package_identification:_identify(.) by extension 'colcon_pkg'
[0.220s] Level 1:colcon.colcon_core.package_identification:_identify(.) by extensions ['colcon_meta']
[0.220s] Level 1:colcon.colcon_core.package_identification:_identify(.) by extension 'colcon_meta'
[0.220s] Level 1:colcon.colcon_core.package_identification:_identify(.) by extensions ['ros']
[0.220s] Level 1:colcon.colcon_core.package_identification:_identify(.) by extension 'ros'
[0.266s] Level 1:colcon.colcon_core.package_identification:_identify(.) by extensions ['cmake', 'python']
[0.266s] Level 1:colcon.colcon_core.package_identification:_identify(.) by extension 'cmake'
[0.266s] Level 1:colcon.colcon_core.package_identification:_identify(.) by extension 'python'
[0.266s] Level 1:colcon.colcon_core.package_identification:_identify(.) by extensions ['python_setup_py']
[0.266s] Level 1:colcon.colcon_core.package_identification:_identify(.) by extension 'python_setup_py'
[0.266s] Level 1:colcon.colcon_core.package_identification:_identify(build) by extensions ['ignore', 'ignore_ament_install']
[0.266s] Level 1:colcon.colcon_core.package_identification:_identify(build) by extension 'ignore'
[0.266s] Level 1:colcon.colcon_core.package_identification:_identify(build) ignored
[0.267s] Level 1:colcon.colcon_core.package_identification:_identify(install) by extensions ['ignore', 'ignore_ament_install']
[0.267s] Level 1:colcon.colcon_core.package_identification:_identify(install) by extension 'ignore'
[0.267s] Level 1:colcon.colcon_core.package_identification:_identify(install) ignored
[0.267s] Level 1:colcon.colcon_core.package_identification:_identify(log) by extensions ['ignore', 'ignore_ament_install']
[0.267s] Level 1:colcon.colcon_core.package_identification:_identify(log) by extension 'ignore'
[0.267s] Level 1:colcon.colcon_core.package_identification:_identify(log) ignored
[0.267s] Level 1:colcon.colcon_core.package_identification:_identify(src) by extensions ['ignore', 'ignore_ament_install']
[0.267s] Level 1:colcon.colcon_core.package_identification:_identify(src) by extension 'ignore'
[0.268s] Level 1:colcon.colcon_core.package_identification:_identify(src) by extension 'ignore_ament_install'
[0.268s] Level 1:colcon.colcon_core.package_identification:_identify(src) by extensions ['colcon_pkg']
[0.268s] Level 1:colcon.colcon_core.package_identification:_identify(src) by extension 'colcon_pkg'
[0.268s] Level 1:colcon.colcon_core.package_identification:_identify(src) by extensions ['colcon_meta']
[0.268s] Level 1:colcon.colcon_core.package_identification:_identify(src) by extension 'colcon_meta'
[0.268s] Level 1:colcon.colcon_core.package_identification:_identify(src) by extensions ['ros']
[0.268s] Level 1:colcon.colcon_core.package_identification:_identify(src) by extension 'ros'
[0.268s] Level 1:colcon.colcon_core.package_identification:_identify(src) by extensions ['cmake', 'python']
[0.268s] Level 1:colcon.colcon_core.package_identification:_identify(src) by extension 'cmake'
[0.268s] Level 1:colcon.colcon_core.package_identification:_identify(src) by extension 'python'
[0.268s] Level 1:colcon.colcon_core.package_identification:_identify(src) by extensions ['python_setup_py']
[0.268s] Level 1:colcon.colcon_core.package_identification:_identify(src) by extension 'python_setup_py'
[0.268s] Level 1:colcon.colcon_core.package_identification:_identify(src/localization_system) by extensions ['ignore', 'ignore_ament_install']
[0.268s] Level 1:colcon.colcon_core.package_identification:_identify(src/localization_system) by extension 'ignore'
[0.269s] Level 1:colcon.colcon_core.package_identification:_identify(src/localization_system) by extension 'ignore_ament_install'
[0.269s] Level 1:colcon.colcon_core.package_identification:_identify(src/localization_system) by extensions ['colcon_pkg']
[0.269s] Level 1:colcon.colcon_core.package_identification:_identify(src/localization_system) by extension 'colcon_pkg'
[0.269s] Level 1:colcon.colcon_core.package_identification:_identify(src/localization_system) by extensions ['colcon_meta']
[0.269s] Level 1:colcon.colcon_core.package_identification:_identify(src/localization_system) by extension 'colcon_meta'
[0.269s] Level 1:colcon.colcon_core.package_identification:_identify(src/localization_system) by extensions ['ros']
[0.269s] Level 1:colcon.colcon_core.package_identification:_identify(src/localization_system) by extension 'ros'
[0.272s] DEBUG:colcon.colcon_core.package_identification:Package 'src/localization_system' with type 'ros.ament_cmake' and name 'localization_system'
[0.273s] Level 1:colcon.colcon_core.package_discovery:discover_packages(recursive) using defaults
[0.273s] Level 1:colcon.colcon_core.package_discovery:discover_packages(ignore) discover
[0.273s] Level 1:colcon.colcon_core.package_discovery:discover_packages(ignore) using defaults
[0.273s] Level 1:colcon.colcon_core.package_discovery:discover_packages(path) discover
[0.273s] Level 1:colcon.colcon_core.package_discovery:discover_packages(path) using defaults
[0.296s] Level 1:colcon.colcon_core.package_discovery:discover_packages(prefix_path) check parameters
[0.296s] Level 1:colcon.colcon_core.package_discovery:discover_packages(prefix_path) discover
[0.299s] DEBUG:colcon.colcon_installed_package_information.package_discovery:Found 199 installed packages in /opt/ros/kilted
[0.300s] Level 1:colcon.colcon_core.package_discovery:discover_packages(prefix_path) using defaults
[0.345s] Level 5:colcon.colcon_core.verb:set package 'localization_system' build argument 'cmake_args' from command line to 'None'
[0.346s] Level 5:colcon.colcon_core.verb:set package 'localization_system' build argument 'cmake_target' from command line to 'None'
[0.346s] Level 5:colcon.colcon_core.verb:set package 'localization_system' build argument 'cmake_target_skip_unavailable' from command line to 'False'
[0.346s] Level 5:colcon.colcon_core.verb:set package 'localization_system' build argument 'cmake_clean_cache' from command line to 'False'
[0.346s] Level 5:colcon.colcon_core.verb:set package 'localization_system' build argument 'cmake_clean_first' from command line to 'False'
[0.346s] Level 5:colcon.colcon_core.verb:set package 'localization_system' build argument 'cmake_force_configure' from command line to 'False'
[0.346s] Level 5:colcon.colcon_core.verb:set package 'localization_system' build argument 'ament_cmake_args' from command line to 'None'
[0.346s] Level 5:colcon.colcon_core.verb:set package 'localization_system' build argument 'catkin_cmake_args' from command line to 'None'
[0.346s] Level 5:colcon.colcon_core.verb:set package 'localization_system' build argument 'catkin_skip_building_tests' from command line to 'False'
[0.346s] DEBUG:colcon.colcon_core.verb:Building package 'localization_system' with the following arguments: {'ament_cmake_args': None, 'build_base': '/home/tractor/ros2_ws/build/localization_system', 'catkin_cmake_args': None, 'catkin_skip_building_tests': False, 'cmake_args': None, 'cmake_clean_cache': False, 'cmake_clean_first': False, 'cmake_force_configure': False, 'cmake_target': None, 'cmake_target_skip_unavailable': False, 'install_base': '/home/tractor/ros2_ws/install/localization_system', 'merge_install': False, 'path': '/home/tractor/ros2_ws/src/localization_system', 'symlink_install': False, 'test_result_base': None}
[0.346s] INFO:colcon.colcon_core.executor:Executing jobs using 'parallel' executor
[0.348s] DEBUG:colcon.colcon_parallel_executor.executor.parallel:run_until_complete
[0.348s] INFO:colcon.colcon_ros.task.ament_cmake.build:Building ROS package in '/home/tractor/ros2_ws/src/localization_system' with build type 'ament_cmake'
[0.348s] INFO:colcon.colcon_cmake.task.cmake.build:Building CMake package in '/home/tractor/ros2_ws/src/localization_system'
[0.355s] INFO:colcon.colcon_core.plugin_system:Skipping extension 'colcon_core.shell.bat': Not used on non-Windows systems
[0.356s] INFO:colcon.colcon_core.shell:Skip shell extension 'powershell' for command environment: Not usable outside of PowerShell
[0.356s] DEBUG:colcon.colcon_core.shell:Skip shell extension 'dsv' for command environment
[0.382s] DEBUG:colcon.colcon_core.event_handler.log_command:Invoking command in '/home/tractor/ros2_ws/build/localization_system': CMAKE_PREFIX_PATH=/opt/ros/kilted /usr/bin/cmake /home/tractor/ros2_ws/src/localization_system -DCMAKE_INSTALL_PREFIX=/home/tractor/ros2_ws/install/localization_system
[3.874s] DEBUG:colcon.colcon_core.event_handler.log_command:Invoked command in '/home/tractor/ros2_ws/build/localization_system' returned '0': CMAKE_PREFIX_PATH=/opt/ros/kilted /usr/bin/cmake /home/tractor/ros2_ws/src/localization_system -DCMAKE_INSTALL_PREFIX=/home/tractor/ros2_ws/install/localization_system
[3.881s] DEBUG:colcon.colcon_core.event_handler.log_command:Invoking command in '/home/tractor/ros2_ws/build/localization_system': CMAKE_PREFIX_PATH=/opt/ros/kilted /usr/bin/cmake --build /home/tractor/ros2_ws/build/localization_system -- -j4 -l4
[24.513s] DEBUG:colcon.colcon_core.event_handler.log_command:Invoked command in '/home/tractor/ros2_ws/build/localization_system' returned '2': CMAKE_PREFIX_PATH=/opt/ros/kilted /usr/bin/cmake --build /home/tractor/ros2_ws/build/localization_system -- -j4 -l4
[24.515s] Level 1:colcon.colcon_core.environment:create_environment_scripts_only(localization_system)
[24.522s] Level 1:colcon.colcon_core.environment:checking '/home/tractor/ros2_ws/install/localization_system' for CMake module files
[24.523s] Level 1:colcon.colcon_core.environment:checking '/home/tractor/ros2_ws/install/localization_system' for CMake config files
[24.525s] Level 1:colcon.colcon_core.environment:checking '/home/tractor/ros2_ws/install/localization_system/lib'
[24.526s] Level 1:colcon.colcon_core.environment:checking '/home/tractor/ros2_ws/install/localization_system/bin'
[24.526s] Level 1:colcon.colcon_core.shell:create_environment_hook('localization_system', 'path')
[24.527s] INFO:colcon.colcon_core.shell:Creating environment hook '/home/tractor/ros2_ws/install/localization_system/share/localization_system/hook/path.ps1'
[24.530s] INFO:colcon.colcon_core.shell:Creating environment descriptor '/home/tractor/ros2_ws/install/localization_system/share/localization_system/hook/path.dsv'
[24.534s] INFO:colcon.colcon_core.shell:Creating environment hook '/home/tractor/ros2_ws/install/localization_system/share/localization_system/hook/path.sh'
[24.538s] Level 1:colcon.colcon_core.environment:checking '/home/tractor/ros2_ws/install/localization_system/lib/pkgconfig/localization_system.pc'
[24.540s] Level 1:colcon.colcon_core.environment:checking '/home/tractor/ros2_ws/install/localization_system/lib/python3.12/site-packages'
[24.541s] Level 1:colcon.colcon_core.shell:create_environment_hook('localization_system', 'pythonpath')
[24.542s] INFO:colcon.colcon_core.shell:Creating environment hook '/home/tractor/ros2_ws/install/localization_system/share/localization_system/hook/pythonpath.ps1'
[24.543s] INFO:colcon.colcon_core.shell:Creating environment descriptor '/home/tractor/ros2_ws/install/localization_system/share/localization_system/hook/pythonpath.dsv'
[24.549s] INFO:colcon.colcon_core.shell:Creating environment hook '/home/tractor/ros2_ws/install/localization_system/share/localization_system/hook/pythonpath.sh'
[24.556s] Level 1:colcon.colcon_core.environment:checking '/home/tractor/ros2_ws/install/localization_system/bin'
[24.558s] Level 1:colcon.colcon_core.shell:create_environment_hook('localization_system', 'pythonscriptspath')
[24.559s] INFO:colcon.colcon_core.shell:Creating environment hook '/home/tractor/ros2_ws/install/localization_system/share/localization_system/hook/pythonscriptspath.ps1'
[24.561s] INFO:colcon.colcon_core.shell:Creating environment descriptor '/home/tractor/ros2_ws/install/localization_system/share/localization_system/hook/pythonscriptspath.dsv'
[24.566s] INFO:colcon.colcon_core.shell:Creating environment hook '/home/tractor/ros2_ws/install/localization_system/share/localization_system/hook/pythonscriptspath.sh'
[24.570s] INFO:colcon.colcon_core.shell:Creating package script '/home/tractor/ros2_ws/install/localization_system/share/localization_system/package.ps1'
[24.572s] INFO:colcon.colcon_core.shell:Creating package descriptor '/home/tractor/ros2_ws/install/localization_system/share/localization_system/package.dsv'
[24.574s] INFO:colcon.colcon_core.shell:Creating package script '/home/tractor/ros2_ws/install/localization_system/share/localization_system/package.sh'
[24.575s] INFO:colcon.colcon_core.shell:Creating package script '/home/tractor/ros2_ws/install/localization_system/share/localization_system/package.bash'
[24.578s] INFO:colcon.colcon_core.shell:Creating package script '/home/tractor/ros2_ws/install/localization_system/share/localization_system/package.zsh'
[24.579s] Level 1:colcon.colcon_core.environment:create_file_with_runtime_dependencies(/home/tractor/ros2_ws/install/localization_system/share/colcon-core/packages/localization_system)
[24.591s] DEBUG:colcon.colcon_parallel_executor.executor.parallel:closing loop
[24.592s] DEBUG:colcon.colcon_parallel_executor.executor.parallel:loop closed
[24.592s] DEBUG:colcon.colcon_parallel_executor.executor.parallel:run_until_complete finished with '2'
[24.593s] DEBUG:colcon.colcon_core.event_reactor:joining thread
[24.595s] DEBUG:colcon.colcon_core.event_reactor:joined thread
[24.597s] INFO:colcon.colcon_core.shell:Creating prefix script '/home/tractor/ros2_ws/install/local_setup.ps1'
[24.605s] INFO:colcon.colcon_core.shell:Creating prefix util module '/home/tractor/ros2_ws/install/_local_setup_util_ps1.py'
[24.609s] INFO:colcon.colcon_core.shell:Creating prefix chain script '/home/tractor/ros2_ws/install/setup.ps1'
[24.613s] INFO:colcon.colcon_core.shell:Creating prefix script '/home/tractor/ros2_ws/install/local_setup.sh'
[24.616s] INFO:colcon.colcon_core.shell:Creating prefix util module '/home/tractor/ros2_ws/install/_local_setup_util_sh.py'
[24.620s] INFO:colcon.colcon_core.shell:Creating prefix chain script '/home/tractor/ros2_ws/install/setup.sh'
[24.625s] INFO:colcon.colcon_core.shell:Creating prefix script '/home/tractor/ros2_ws/install/local_setup.bash'
[24.629s] INFO:colcon.colcon_core.shell:Creating prefix chain script '/home/tractor/ros2_ws/install/setup.bash'
[24.633s] INFO:colcon.colcon_core.shell:Creating prefix script '/home/tractor/ros2_ws/install/local_setup.zsh'
[24.637s] INFO:colcon.colcon_core.shell:Creating prefix chain script '/home/tractor/ros2_ws/install/setup.zsh'
