-- Found ament_cmake: 2.7.5 (/opt/ros/kilted/share/ament_cmake/cmake)
-- Found rclcpp: 29.5.7 (/opt/ros/kilted/share/rclcpp/cmake)
-- Found rosidl_generator_c: 4.9.6 (/opt/ros/kilted/share/rosidl_generator_c/cmake)
-- Found rosidl_generator_cpp: 4.9.6 (/opt/ros/kilted/share/rosidl_generator_cpp/cmake)
-- Using all available rosidl_typesupport_c: rosidl_typesupport_fastrtps_c;rosidl_typesupport_introspection_c
-- Using all available rosidl_typesupport_cpp: rosidl_typesupport_fastrtps_cpp;rosidl_typesupport_introspection_cpp
-- Found rmw_implementation_cmake: 7.8.2 (/opt/ros/kilted/share/rmw_implementation_cmake/cmake)
-- Found rmw_fastrtps_cpp: 9.3.3 (/opt/ros/kilted/share/rmw_fastrtps_cpp/cmake)
-- Using RMW implementation 'rmw_fastrtps_cpp' as default
-- Found sensor_msgs: 5.5.2 (/opt/ros/kilted/share/sensor_msgs/cmake)
-- Found nav_msgs: 5.5.2 (/opt/ros/kilted/share/nav_msgs/cmake)
-- Found robot_localization: 3.9.4 (/opt/ros/kilted/share/robot_localization/cmake)
-- Found eigen3_cmake_module: 0.4.0 (/opt/ros/kilted/share/eigen3_cmake_module/cmake)
-- Ensuring Eigen3 include directory is part of orocos-kdl CMake target
-- Configuring done (2.1s)
-- Generating done (0.1s)
-- Build files have been written to: /home/tractor/ros2_ws/build/localization_system
[ 50%] [32m[1mLinking CXX executable gps_driver[0m
[ 50%] [32m[1mLinking CXX executable imu_driver[0m
[100%] Built target imu_driver
[100%] Built target gps_driver
-- Install configuration: ""
-- Installing: /home/tractor/ros2_ws/install/localization_system/lib/localization_system/imu_driver
-- Set non-toolchain portion of runtime path of "/home/tractor/ros2_ws/install/localization_system/lib/localization_system/imu_driver" to ""
-- Installing: /home/tractor/ros2_ws/install/localization_system/lib/localization_system/gps_driver
-- Set non-toolchain portion of runtime path of "/home/tractor/ros2_ws/install/localization_system/lib/localization_system/gps_driver" to ""
-- Up-to-date: /home/tractor/ros2_ws/install/localization_system/share/localization_system/launch
-- Up-to-date: /home/tractor/ros2_ws/install/localization_system/share/localization_system/launch/localization.launch.py
-- Up-to-date: /home/tractor/ros2_ws/install/localization_system/share/localization_system/config
-- Up-to-date: /home/tractor/ros2_ws/install/localization_system/share/localization_system/config/ekf.yaml
-- Installing: /home/tractor/ros2_ws/install/localization_system/share/ament_index/resource_index/package_run_dependencies/localization_system
-- Installing: /home/tractor/ros2_ws/install/localization_system/share/ament_index/resource_index/parent_prefix_path/localization_system
-- Installing: /home/tractor/ros2_ws/install/localization_system/share/localization_system/environment/ament_prefix_path.sh
-- Installing: /home/tractor/ros2_ws/install/localization_system/share/localization_system/environment/ament_prefix_path.dsv
-- Installing: /home/tractor/ros2_ws/install/localization_system/share/localization_system/environment/path.sh
-- Installing: /home/tractor/ros2_ws/install/localization_system/share/localization_system/environment/path.dsv
-- Installing: /home/tractor/ros2_ws/install/localization_system/share/localization_system/local_setup.bash
-- Installing: /home/tractor/ros2_ws/install/localization_system/share/localization_system/local_setup.sh
-- Installing: /home/tractor/ros2_ws/install/localization_system/share/localization_system/local_setup.zsh
-- Installing: /home/tractor/ros2_ws/install/localization_system/share/localization_system/local_setup.dsv
-- Installing: /home/tractor/ros2_ws/install/localization_system/share/localization_system/package.dsv
-- Installing: /home/tractor/ros2_ws/install/localization_system/share/ament_index/resource_index/packages/localization_system
-- Installing: /home/tractor/ros2_ws/install/localization_system/share/localization_system/cmake/localization_systemConfig.cmake
-- Installing: /home/tractor/ros2_ws/install/localization_system/share/localization_system/cmake/localization_systemConfig-version.cmake
-- Installing: /home/tractor/ros2_ws/install/localization_system/share/localization_system/package.xml
