[0.039s] Invoking command in '/home/tractor/ros2_ws/build/localization_system': CMAKE_PREFIX_PATH=/opt/ros/kilted /usr/bin/cmake --build /home/tractor/ros2_ws/build/localization_system -- -j4 -l4
[0.111s] -- Found ament_cmake: 2.7.5 (/opt/ros/kilted/share/ament_cmake/cmake)
[0.706s] -- Found rclcpp: 29.5.7 (/opt/ros/kilted/share/rclcpp/cmake)
[0.763s] -- Found rosidl_generator_c: 4.9.6 (/opt/ros/kilted/share/rosidl_generator_c/cmake)
[0.779s] -- Found rosidl_generator_cpp: 4.9.6 (/opt/ros/kilted/share/rosidl_generator_cpp/cmake)
[0.795s] -- Using all available rosidl_typesupport_c: rosidl_typesupport_fastrtps_c;rosidl_typesupport_introspection_c
[0.821s] -- Using all available rosidl_typesupport_cpp: rosidl_typesupport_fastrtps_cpp;rosidl_typesupport_introspection_cpp
[0.956s] -- Found rmw_implementation_cmake: 7.8.2 (/opt/ros/kilted/share/rmw_implementation_cmake/cmake)
[0.960s] -- Found rmw_fastrtps_cpp: 9.3.3 (/opt/ros/kilted/share/rmw_fastrtps_cpp/cmake)
[1.029s] -- Using RMW implementation 'rmw_fastrtps_cpp' as default
[1.161s] -- Found sensor_msgs: 5.5.2 (/opt/ros/kilted/share/sensor_msgs/cmake)
[1.278s] -- Found nav_msgs: 5.5.2 (/opt/ros/kilted/share/nav_msgs/cmake)
[1.316s] -- Found robot_localization: 3.9.4 (/opt/ros/kilted/share/robot_localization/cmake)
[1.836s] -- Found eigen3_cmake_module: 0.4.0 (/opt/ros/kilted/share/eigen3_cmake_module/cmake)
[1.840s] -- Ensuring Eigen3 include directory is part of orocos-kdl CMake target
[2.201s] -- Configuring done (2.1s)
[2.291s] -- Generating done (0.1s)
[2.339s] -- Build files have been written to: /home/tractor/ros2_ws/build/localization_system
[2.499s] [ 50%] [32m[1mLinking CXX executable gps_driver[0m
[2.499s] [ 50%] [32m[1mLinking CXX executable imu_driver[0m
[3.309s] [100%] Built target imu_driver
[3.314s] [100%] Built target gps_driver
[3.360s] Invoked command in '/home/tractor/ros2_ws/build/localization_system' returned '0': CMAKE_PREFIX_PATH=/opt/ros/kilted /usr/bin/cmake --build /home/tractor/ros2_ws/build/localization_system -- -j4 -l4
[3.391s] Invoking command in '/home/tractor/ros2_ws/build/localization_system': CMAKE_PREFIX_PATH=/opt/ros/kilted /usr/bin/cmake --install /home/tractor/ros2_ws/build/localization_system
[3.419s] -- Install configuration: ""
[3.422s] -- Installing: /home/tractor/ros2_ws/install/localization_system/lib/localization_system/imu_driver
[3.428s] -- Set non-toolchain portion of runtime path of "/home/tractor/ros2_ws/install/localization_system/lib/localization_system/imu_driver" to ""
[3.429s] -- Installing: /home/tractor/ros2_ws/install/localization_system/lib/localization_system/gps_driver
[3.432s] -- Set non-toolchain portion of runtime path of "/home/tractor/ros2_ws/install/localization_system/lib/localization_system/gps_driver" to ""
[3.433s] -- Up-to-date: /home/tractor/ros2_ws/install/localization_system/share/localization_system/launch
[3.434s] -- Up-to-date: /home/tractor/ros2_ws/install/localization_system/share/localization_system/launch/localization.launch.py
[3.434s] -- Up-to-date: /home/tractor/ros2_ws/install/localization_system/share/localization_system/config
[3.435s] -- Up-to-date: /home/tractor/ros2_ws/install/localization_system/share/localization_system/config/ekf.yaml
[3.436s] -- Installing: /home/tractor/ros2_ws/install/localization_system/share/ament_index/resource_index/package_run_dependencies/localization_system
[3.438s] -- Installing: /home/tractor/ros2_ws/install/localization_system/share/ament_index/resource_index/parent_prefix_path/localization_system
[3.439s] -- Installing: /home/tractor/ros2_ws/install/localization_system/share/localization_system/environment/ament_prefix_path.sh
[3.441s] -- Installing: /home/tractor/ros2_ws/install/localization_system/share/localization_system/environment/ament_prefix_path.dsv
[3.442s] -- Installing: /home/tractor/ros2_ws/install/localization_system/share/localization_system/environment/path.sh
[3.442s] -- Installing: /home/tractor/ros2_ws/install/localization_system/share/localization_system/environment/path.dsv
[3.446s] -- Installing: /home/tractor/ros2_ws/install/localization_system/share/localization_system/local_setup.bash
[3.447s] -- Installing: /home/tractor/ros2_ws/install/localization_system/share/localization_system/local_setup.sh
[3.449s] -- Installing: /home/tractor/ros2_ws/install/localization_system/share/localization_system/local_setup.zsh
[3.449s] -- Installing: /home/tractor/ros2_ws/install/localization_system/share/localization_system/local_setup.dsv
[3.451s] -- Installing: /home/tractor/ros2_ws/install/localization_system/share/localization_system/package.dsv
[3.451s] -- Installing: /home/tractor/ros2_ws/install/localization_system/share/ament_index/resource_index/packages/localization_system
[3.452s] -- Installing: /home/tractor/ros2_ws/install/localization_system/share/localization_system/cmake/localization_systemConfig.cmake
[3.453s] -- Installing: /home/tractor/ros2_ws/install/localization_system/share/localization_system/cmake/localization_systemConfig-version.cmake
[3.453s] -- Installing: /home/tractor/ros2_ws/install/localization_system/share/localization_system/package.xml
[3.458s] Invoked command in '/home/tractor/ros2_ws/build/localization_system' returned '0': CMAKE_PREFIX_PATH=/opt/ros/kilted /usr/bin/cmake --install /home/tractor/ros2_ws/build/localization_system
