[0.061s] Invoking command in '/home/tractor/ros2_ws/build/localization_system': CMAKE_PREFIX_PATH=/opt/ros/kilted /usr/bin/cmake --build /home/tractor/ros2_ws/build/localization_system -- -j4 -l4
[0.359s] [ 50%] Built target imu_driver
[0.384s] [100%] Built target gps_driver
[0.455s] Invoked command in '/home/tractor/ros2_ws/build/localization_system' returned '0': CMAKE_PREFIX_PATH=/opt/ros/kilted /usr/bin/cmake --build /home/tractor/ros2_ws/build/localization_system -- -j4 -l4
[0.518s] Invoking command in '/home/tractor/ros2_ws/build/localization_system': CMAKE_PREFIX_PATH=/opt/ros/kilted /usr/bin/cmake --install /home/tractor/ros2_ws/build/localization_system
[0.554s] -- Install configuration: ""
[0.565s] -- Up-to-date: /home/tractor/ros2_ws/install/localization_system/lib/localization_system/imu_driver
[0.571s] -- Up-to-date: /home/tractor/ros2_ws/install/localization_system/lib/localization_system/gps_driver
[0.577s] -- Up-to-date: /home/tractor/ros2_ws/install/localization_system/share/localization_system/launch
[0.582s] -- Installing: /home/tractor/ros2_ws/install/localization_system/share/localization_system/launch/localization.launch.py
[0.588s] -- Up-to-date: /home/tractor/ros2_ws/install/localization_system/share/localization_system/config
[0.589s] -- Up-to-date: /home/tractor/ros2_ws/install/localization_system/share/localization_system/config/ekf.yaml
[0.591s] -- Up-to-date: /home/tractor/ros2_ws/install/localization_system/share/ament_index/resource_index/package_run_dependencies/localization_system
[0.597s] -- Up-to-date: /home/tractor/ros2_ws/install/localization_system/share/ament_index/resource_index/parent_prefix_path/localization_system
[0.598s] -- Up-to-date: /home/tractor/ros2_ws/install/localization_system/share/localization_system/environment/ament_prefix_path.sh
[0.602s] -- Up-to-date: /home/tractor/ros2_ws/install/localization_system/share/localization_system/environment/ament_prefix_path.dsv
[0.602s] -- Up-to-date: /home/tractor/ros2_ws/install/localization_system/share/localization_system/environment/path.sh
[0.602s] -- Up-to-date: /home/tractor/ros2_ws/install/localization_system/share/localization_system/environment/path.dsv
[0.603s] -- Up-to-date: /home/tractor/ros2_ws/install/localization_system/share/localization_system/local_setup.bash
[0.603s] -- Up-to-date: /home/tractor/ros2_ws/install/localization_system/share/localization_system/local_setup.sh
[0.603s] -- Up-to-date: /home/tractor/ros2_ws/install/localization_system/share/localization_system/local_setup.zsh
[0.603s] -- Up-to-date: /home/tractor/ros2_ws/install/localization_system/share/localization_system/local_setup.dsv
[0.603s] -- Installing: /home/tractor/ros2_ws/install/localization_system/share/localization_system/package.dsv
[0.603s] -- Up-to-date: /home/tractor/ros2_ws/install/localization_system/share/ament_index/resource_index/packages/localization_system
[0.603s] -- Up-to-date: /home/tractor/ros2_ws/install/localization_system/share/localization_system/cmake/localization_systemConfig.cmake
[0.604s] -- Up-to-date: /home/tractor/ros2_ws/install/localization_system/share/localization_system/cmake/localization_systemConfig-version.cmake
[0.604s] -- Up-to-date: /home/tractor/ros2_ws/install/localization_system/share/localization_system/package.xml
[0.604s] Invoked command in '/home/tractor/ros2_ws/build/localization_system' returned '0': CMAKE_PREFIX_PATH=/opt/ros/kilted /usr/bin/cmake --install /home/tractor/ros2_ws/build/localization_system
