[0.029s] Invoking command in '/home/tractor/ros2_ws/build/localization_system': CMAKE_PREFIX_PATH=/opt/ros/kilted /usr/bin/cmake /home/tractor/ros2_ws/src/localization_system -DCMAKE_INSTALL_PREFIX=/home/tractor/ros2_ws/install/localization_system
[0.196s] -- The C compiler identification is GNU 13.3.0
[0.388s] -- The CXX compiler identification is GNU 13.3.0
[0.438s] -- Detecting C compiler ABI info
[0.744s] -- Detecting C compiler ABI info - done
[0.770s] -- Check for working C compiler: /usr/bin/cc - skipped
[0.770s] -- Detecting C compile features
[0.771s] -- Detecting C compile features - done
[0.785s] -- Detecting CXX compiler ABI info
[1.033s] -- Detecting CXX compiler ABI info - done
[1.059s] -- Check for working CXX compiler: /usr/bin/c++ - skipped
[1.060s] -- Detecting CXX compile features
[1.060s] -- Detecting CXX compile features - done
[1.061s] -- Found ament_cmake: 2.7.5 (/opt/ros/kilted/share/ament_cmake/cmake)
[1.391s] -- Found Python3: /usr/bin/python3 (found version "3.12.3") found components: Interpreter 
[1.744s] -- Found rclcpp: 29.5.7 (/opt/ros/kilted/share/rclcpp/cmake)
[1.810s] -- Found rosidl_generator_c: 4.9.6 (/opt/ros/kilted/share/rosidl_generator_c/cmake)
[1.848s] -- Found rosidl_generator_cpp: 4.9.6 (/opt/ros/kilted/share/rosidl_generator_cpp/cmake)
[1.885s] -- Using all available rosidl_typesupport_c: rosidl_typesupport_fastrtps_c;rosidl_typesupport_introspection_c
[1.931s] -- Using all available rosidl_typesupport_cpp: rosidl_typesupport_fastrtps_cpp;rosidl_typesupport_introspection_cpp
[2.094s] -- Found rmw_implementation_cmake: 7.8.2 (/opt/ros/kilted/share/rmw_implementation_cmake/cmake)
[2.102s] -- Found rmw_fastrtps_cpp: 9.3.3 (/opt/ros/kilted/share/rmw_fastrtps_cpp/cmake)
[2.304s] -- Found OpenSSL: /usr/lib/aarch64-linux-gnu/libcrypto.so (found version "3.0.13")  
[2.333s] -- Using RMW implementation 'rmw_fastrtps_cpp' as default
[2.492s] -- Found sensor_msgs: 5.5.2 (/opt/ros/kilted/share/sensor_msgs/cmake)
[2.598s] -- Found nav_msgs: 5.5.2 (/opt/ros/kilted/share/nav_msgs/cmake)
[2.662s] -- Found robot_localization: 3.9.4 (/opt/ros/kilted/share/robot_localization/cmake)
[3.193s] -- Found eigen3_cmake_module: 0.4.0 (/opt/ros/kilted/share/eigen3_cmake_module/cmake)
[3.195s] -- Found Eigen3: TRUE (found version "3.4.0") 
[3.195s] -- Ensuring Eigen3 include directory is part of orocos-kdl CMake target
[3.530s] -- Configuring done (3.5s)
[3.596s] -- Generating done (0.0s)
[3.627s] -- Build files have been written to: /home/tractor/ros2_ws/build/localization_system
[3.683s] Invoked command in '/home/tractor/ros2_ws/build/localization_system' returned '0': CMAKE_PREFIX_PATH=/opt/ros/kilted /usr/bin/cmake /home/tractor/ros2_ws/src/localization_system -DCMAKE_INSTALL_PREFIX=/home/tractor/ros2_ws/install/localization_system
[3.686s] Invoking command in '/home/tractor/ros2_ws/build/localization_system': CMAKE_PREFIX_PATH=/opt/ros/kilted /usr/bin/cmake --build /home/tractor/ros2_ws/build/localization_system -- -j4 -l4
[3.860s] [ 50%] [32mBuilding CXX object CMakeFiles/imu_driver.dir/src/imu_driver.cpp.o[0m
[3.860s] [ 50%] [32mBuilding CXX object CMakeFiles/gps_driver.dir/src/gps_driver.cpp.o[0m
[25.528s] [ 75%] [32m[1mLinking CXX executable gps_driver[0m
[26.084s] [100%] [32m[1mLinking CXX executable imu_driver[0m
[26.158s] [100%] Built target gps_driver
[26.596s] [100%] Built target imu_driver
[26.626s] Invoked command in '/home/tractor/ros2_ws/build/localization_system' returned '0': CMAKE_PREFIX_PATH=/opt/ros/kilted /usr/bin/cmake --build /home/tractor/ros2_ws/build/localization_system -- -j4 -l4
[26.656s] Invoking command in '/home/tractor/ros2_ws/build/localization_system': CMAKE_PREFIX_PATH=/opt/ros/kilted /usr/bin/cmake --install /home/tractor/ros2_ws/build/localization_system
[26.677s] -- Install configuration: ""
[26.677s] -- Installing: /home/tractor/ros2_ws/install/localization_system/lib/localization_system/imu_driver
[26.678s] -- Set non-toolchain portion of runtime path of "/home/tractor/ros2_ws/install/localization_system/lib/localization_system/imu_driver" to ""
[26.678s] -- Installing: /home/tractor/ros2_ws/install/localization_system/lib/localization_system/gps_driver
[26.679s] -- Set non-toolchain portion of runtime path of "/home/tractor/ros2_ws/install/localization_system/lib/localization_system/gps_driver" to ""
[26.680s] -- Installing: /home/tractor/ros2_ws/install/localization_system/share/localization_system/launch
[26.681s] -- Installing: /home/tractor/ros2_ws/install/localization_system/share/localization_system/launch/localization.launch.py
[26.681s] -- Installing: /home/tractor/ros2_ws/install/localization_system/share/localization_system/config
[26.681s] -- Installing: /home/tractor/ros2_ws/install/localization_system/share/localization_system/config/ekf.yaml
[26.681s] -- Installing: /home/tractor/ros2_ws/install/localization_system/share/ament_index/resource_index/package_run_dependencies/localization_system
[26.681s] -- Installing: /home/tractor/ros2_ws/install/localization_system/share/ament_index/resource_index/parent_prefix_path/localization_system
[26.681s] -- Installing: /home/tractor/ros2_ws/install/localization_system/share/localization_system/environment/ament_prefix_path.sh
[26.682s] -- Installing: /home/tractor/ros2_ws/install/localization_system/share/localization_system/environment/ament_prefix_path.dsv
[26.682s] -- Installing: /home/tractor/ros2_ws/install/localization_system/share/localization_system/environment/path.sh
[26.682s] -- Installing: /home/tractor/ros2_ws/install/localization_system/share/localization_system/environment/path.dsv
[26.682s] -- Installing: /home/tractor/ros2_ws/install/localization_system/share/localization_system/local_setup.bash
[26.682s] -- Installing: /home/tractor/ros2_ws/install/localization_system/share/localization_system/local_setup.sh
[26.682s] -- Installing: /home/tractor/ros2_ws/install/localization_system/share/localization_system/local_setup.zsh
[26.683s] -- Installing: /home/tractor/ros2_ws/install/localization_system/share/localization_system/local_setup.dsv
[26.683s] -- Installing: /home/tractor/ros2_ws/install/localization_system/share/localization_system/package.dsv
[26.683s] -- Installing: /home/tractor/ros2_ws/install/localization_system/share/ament_index/resource_index/packages/localization_system
[26.683s] -- Installing: /home/tractor/ros2_ws/install/localization_system/share/localization_system/cmake/localization_systemConfig.cmake
[26.683s] -- Installing: /home/tractor/ros2_ws/install/localization_system/share/localization_system/cmake/localization_systemConfig-version.cmake
[26.684s] -- Installing: /home/tractor/ros2_ws/install/localization_system/share/localization_system/package.xml
[26.687s] Invoked command in '/home/tractor/ros2_ws/build/localization_system' returned '0': CMAKE_PREFIX_PATH=/opt/ros/kilted /usr/bin/cmake --install /home/tractor/ros2_ws/build/localization_system
