[0.032s] Invoking command in '/home/tractor/ros2_ws/build/localization_system': CMAKE_PREFIX_PATH=/opt/ros/kilted /usr/bin/cmake --build /home/tractor/ros2_ws/build/localization_system -- -j4 -l4
[0.190s] [ 50%] Built target imu_driver
[0.194s] [100%] Built target gps_driver
[0.226s] Invoked command in '/home/tractor/ros2_ws/build/localization_system' returned '0': CMAKE_PREFIX_PATH=/opt/ros/kilted /usr/bin/cmake --build /home/tractor/ros2_ws/build/localization_system -- -j4 -l4
[0.256s] Invoking command in '/home/tractor/ros2_ws/build/localization_system': CMAKE_PREFIX_PATH=/opt/ros/kilted /usr/bin/cmake --install /home/tractor/ros2_ws/build/localization_system
[0.274s] -- Install configuration: ""
[0.274s] -- Up-to-date: /home/tractor/ros2_ws/install/localization_system/lib/localization_system/imu_driver
[0.274s] -- Up-to-date: /home/tractor/ros2_ws/install/localization_system/lib/localization_system/gps_driver
[0.275s] -- Up-to-date: /home/tractor/ros2_ws/install/localization_system/share/localization_system/launch
[0.275s] -- Installing: /home/tractor/ros2_ws/install/localization_system/share/localization_system/launch/localization_with_bridge.launch.py
[0.275s] -- Up-to-date: /home/tractor/ros2_ws/install/localization_system/share/localization_system/launch/localization.launch.py
[0.275s] -- Up-to-date: /home/tractor/ros2_ws/install/localization_system/share/localization_system/config
[0.275s] -- Up-to-date: /home/tractor/ros2_ws/install/localization_system/share/localization_system/config/ekf.yaml
[0.276s] -- Up-to-date: /home/tractor/ros2_ws/install/localization_system/share/ament_index/resource_index/package_run_dependencies/localization_system
[0.276s] -- Up-to-date: /home/tractor/ros2_ws/install/localization_system/share/ament_index/resource_index/parent_prefix_path/localization_system
[0.276s] -- Up-to-date: /home/tractor/ros2_ws/install/localization_system/share/localization_system/environment/ament_prefix_path.sh
[0.276s] -- Up-to-date: /home/tractor/ros2_ws/install/localization_system/share/localization_system/environment/ament_prefix_path.dsv
[0.277s] -- Up-to-date: /home/tractor/ros2_ws/install/localization_system/share/localization_system/environment/path.sh
[0.277s] -- Up-to-date: /home/tractor/ros2_ws/install/localization_system/share/localization_system/environment/path.dsv
[0.277s] -- Up-to-date: /home/tractor/ros2_ws/install/localization_system/share/localization_system/local_setup.bash
[0.277s] -- Up-to-date: /home/tractor/ros2_ws/install/localization_system/share/localization_system/local_setup.sh
[0.277s] -- Up-to-date: /home/tractor/ros2_ws/install/localization_system/share/localization_system/local_setup.zsh
[0.277s] -- Up-to-date: /home/tractor/ros2_ws/install/localization_system/share/localization_system/local_setup.dsv
[0.277s] -- Installing: /home/tractor/ros2_ws/install/localization_system/share/localization_system/package.dsv
[0.278s] -- Up-to-date: /home/tractor/ros2_ws/install/localization_system/share/ament_index/resource_index/packages/localization_system
[0.278s] -- Up-to-date: /home/tractor/ros2_ws/install/localization_system/share/localization_system/cmake/localization_systemConfig.cmake
[0.279s] -- Up-to-date: /home/tractor/ros2_ws/install/localization_system/share/localization_system/cmake/localization_systemConfig-version.cmake
[0.279s] -- Up-to-date: /home/tractor/ros2_ws/install/localization_system/share/localization_system/package.xml
[0.280s] Invoked command in '/home/tractor/ros2_ws/build/localization_system' returned '0': CMAKE_PREFIX_PATH=/opt/ros/kilted /usr/bin/cmake --install /home/tractor/ros2_ws/build/localization_system
